[2026-06-04 22:50:28] INFO - ==================================================
[2026-06-04 22:50:28] INFO - 训练配置:
[2026-06-04 22:50:28] INFO -   batch_size: 256
[2026-06-04 22:50:28] INFO -   data_path: data/cls_data/A1.npz
[2026-06-04 22:50:28] INFO -   device: None
[2026-06-04 22:50:28] INFO -   dropout: 0.5
[2026-06-04 22:50:28] INFO -   embedding_dim: 64
[2026-06-04 22:50:28] INFO -   epochs: 100
[2026-06-04 22:50:28] INFO -   hidden_dim: 128
[2026-06-04 22:50:28] INFO -   log_interval: 10
[2026-06-04 22:50:28] INFO -   loss_type: bpr
[2026-06-04 22:50:28] INFO -   lr: 0.01
[2026-06-04 22:50:28] INFO -   max_len: 50
[2026-06-04 22:50:28] INFO -   model_type: sage
[2026-06-04 22:50:28] INFO -   neg_samples: 1
[2026-06-04 22:50:28] INFO -   normalize: symmetric
[2026-06-04 22:50:28] INFO -   num_heads: 2
[2026-06-04 22:50:28] INFO -   num_layers: 2
[2026-06-04 22:50:28] INFO -   output_dir: ./output\task1
[2026-06-04 22:50:28] INFO -   patience: 20
[2026-06-04 22:50:28] INFO -   save_best_only: False
[2026-06-04 22:50:28] INFO -   seed: 42
[2026-06-04 22:50:28] INFO -   stratified_split: False
[2026-06-04 22:50:28] INFO -   task: task1
[2026-06-04 22:50:28] INFO -   val_ratio: 0.1
[2026-06-04 22:50:28] INFO -   weight_decay: 0.0005
[2026-06-04 22:50:28] INFO - ==================================================
[2026-06-04 22:50:28] INFO - 使用设备: cpu
[2026-06-04 22:50:28] INFO - ============================================================
[2026-06-04 22:50:28] INFO - 开始 Task 1 训练 - GNN节点分类
[2026-06-04 22:50:28] INFO - ============================================================
[2026-06-04 22:50:28] INFO - 加载数据: data/cls_data/A1.npz
[2026-06-04 22:50:28] INFO - 节点数: 13752, 特征维度: 767, 类别数: 10
[2026-06-04 22:50:28] INFO - 训练集: 9901, 验证集: 1100, 测试集: 2751
[2026-06-04 22:50:43] INFO - 模型: sage, 隐藏维度: 128, 层数: 2
[2026-06-04 22:50:43] INFO - 总参数量: 199,306
[2026-06-04 22:50:45] INFO - Epoch [  1/100] Train Loss: 2.6937, Train Acc: 0.1265 | Val Loss: 3.9226, Val Acc: 0.3682 | LR: 0.010000
[2026-06-04 22:50:46] INFO - 早停计数: 1/20 (最优=0.368182, 当前=0.165455)
[2026-06-04 22:50:48] INFO - 早停计数: 2/20 (最优=0.368182, 当前=0.160000)
[2026-06-04 22:50:49] INFO - 早停计数: 3/20 (最优=0.368182, 当前=0.128182)
[2026-06-04 22:50:50] INFO - 早停计数: 4/20 (最优=0.368182, 当前=0.090000)
[2026-06-04 22:50:52] INFO - 早停计数: 5/20 (最优=0.368182, 当前=0.196364)
[2026-06-04 22:50:53] INFO - 早停计数: 6/20 (最优=0.368182, 当前=0.307273)
[2026-06-04 22:50:54] INFO - 验证指标改善: 0.368182 -> 0.376364
[2026-06-04 22:50:56] INFO - 验证指标改善: 0.376364 -> 0.407273
[2026-06-04 22:50:57] INFO - Epoch [ 10/100] Train Loss: 1.3573, Train Acc: 0.5829 | Val Loss: 1.8055, Val Acc: 0.4227 | LR: 0.010000
[2026-06-04 22:50:57] INFO - 验证指标改善: 0.407273 -> 0.422727
[2026-06-04 22:50:58] INFO - 验证指标改善: 0.422727 -> 0.443636
[2026-06-04 22:50:59] INFO - 验证指标改善: 0.443636 -> 0.472727
[2026-06-04 22:51:00] INFO - 验证指标改善: 0.472727 -> 0.494545
[2026-06-04 22:51:02] INFO - 验证指标改善: 0.494545 -> 0.503636
[2026-06-04 22:51:03] INFO - 验证指标改善: 0.503636 -> 0.505455
[2026-06-04 22:51:04] INFO - 验证指标改善: 0.505455 -> 0.510000
[2026-06-04 22:51:05] INFO - 验证指标改善: 0.510000 -> 0.516364
[2026-06-04 22:51:07] INFO - 验证指标改善: 0.516364 -> 0.526364
[2026-06-04 22:51:08] INFO - 早停计数: 1/20 (最优=0.526364, 当前=0.520000)
[2026-06-04 22:51:09] INFO - Epoch [ 20/100] Train Loss: 0.9475, Train Acc: 0.7077 | Val Loss: 1.6059, Val Acc: 0.5273 | LR: 0.010000
[2026-06-04 22:51:09] INFO - 验证指标改善: 0.526364 -> 0.527273
[2026-06-04 22:51:10] INFO - 早停计数: 1/20 (最优=0.527273, 当前=0.527273)
[2026-06-04 22:51:11] INFO - 早停计数: 2/20 (最优=0.527273, 当前=0.522727)
[2026-06-04 22:51:13] INFO - 早停计数: 3/20 (最优=0.527273, 当前=0.527273)
[2026-06-04 22:51:14] INFO - 验证指标改善: 0.527273 -> 0.533636
[2026-06-04 22:51:15] INFO - 验证指标改善: 0.533636 -> 0.543636
[2026-06-04 22:51:16] INFO - 早停计数: 1/20 (最优=0.543636, 当前=0.542727)
[2026-06-04 22:51:18] INFO - 早停计数: 2/20 (最优=0.543636, 当前=0.541818)
[2026-06-04 22:51:19] INFO - 早停计数: 3/20 (最优=0.543636, 当前=0.543636)
[2026-06-04 22:51:20] INFO - 验证指标改善: 0.543636 -> 0.549091
[2026-06-04 22:51:21] INFO - Epoch [ 30/100] Train Loss: 0.6950, Train Acc: 0.7751 | Val Loss: 1.6091, Val Acc: 0.5518 | LR: 0.010000
[2026-06-04 22:51:21] INFO - 验证指标改善: 0.549091 -> 0.551818
[2026-06-04 22:51:22] INFO - 验证指标改善: 0.551818 -> 0.555455
[2026-06-04 22:51:24] INFO - 早停计数: 1/20 (最优=0.555455, 当前=0.553636)
[2026-06-04 22:51:25] INFO - 早停计数: 2/20 (最优=0.555455, 当前=0.549091)
[2026-06-04 22:51:26] INFO - 早停计数: 3/20 (最优=0.555455, 当前=0.550909)
[2026-06-04 22:51:27] INFO - 早停计数: 4/20 (最优=0.555455, 当前=0.547273)
[2026-06-04 22:51:29] INFO - 早停计数: 5/20 (最优=0.555455, 当前=0.552727)
[2026-06-04 22:51:30] INFO - 验证指标改善: 0.555455 -> 0.558182
[2026-06-04 22:51:31] INFO - 早停计数: 1/20 (最优=0.558182, 当前=0.555455)
[2026-06-04 22:51:32] INFO - 早停计数: 2/20 (最优=0.558182, 当前=0.555455)
[2026-06-04 22:51:34] INFO - Epoch [ 40/100] Train Loss: 0.5347, Train Acc: 0.8253 | Val Loss: 1.7040, Val Acc: 0.5527 | LR: 0.010000
[2026-06-04 22:51:34] INFO - 早停计数: 3/20 (最优=0.558182, 当前=0.552727)
[2026-06-04 22:51:35] INFO - 早停计数: 4/20 (最优=0.558182, 当前=0.557273)
[2026-06-04 22:51:36] INFO - 早停计数: 5/20 (最优=0.558182, 当前=0.556364)
[2026-06-04 22:51:37] INFO - 早停计数: 6/20 (最优=0.558182, 当前=0.553636)
[2026-06-04 22:51:39] INFO - 早停计数: 7/20 (最优=0.558182, 当前=0.557273)
[2026-06-04 22:51:40] INFO - 验证指标改善: 0.558182 -> 0.560000
[2026-06-04 22:51:41] INFO - 验证指标改善: 0.560000 -> 0.561818
[2026-06-04 22:51:42] INFO - 验证指标改善: 0.561818 -> 0.573636
[2026-06-04 22:51:44] INFO - 早停计数: 1/20 (最优=0.573636, 当前=0.571818)
[2026-06-04 22:51:45] INFO - 早停计数: 2/20 (最优=0.573636, 当前=0.572727)
[2026-06-04 22:51:46] INFO - Epoch [ 50/100] Train Loss: 0.4243, Train Acc: 0.8664 | Val Loss: 1.7852, Val Acc: 0.5709 | LR: 0.005000
[2026-06-04 22:51:46] INFO - 早停计数: 3/20 (最优=0.573636, 当前=0.570909)
[2026-06-04 22:51:47] INFO - 验证指标改善: 0.573636 -> 0.576364
[2026-06-04 22:51:49] INFO - 验证指标改善: 0.576364 -> 0.583636
[2026-06-04 22:51:50] INFO - 验证指标改善: 0.583636 -> 0.586364
[2026-06-04 22:51:51] INFO - 验证指标改善: 0.586364 -> 0.590000
[2026-06-04 22:51:52] INFO - 验证指标改善: 0.590000 -> 0.593636
[2026-06-04 22:51:54] INFO - 早停计数: 1/20 (最优=0.593636, 当前=0.588182)
[2026-06-04 22:51:55] INFO - 早停计数: 2/20 (最优=0.593636, 当前=0.585455)
[2026-06-04 22:51:56] INFO - 早停计数: 3/20 (最优=0.593636, 当前=0.588182)
[2026-06-04 22:51:57] INFO - 早停计数: 4/20 (最优=0.593636, 当前=0.585455)
[2026-06-04 22:51:59] INFO - Epoch [ 60/100] Train Loss: 0.3147, Train Acc: 0.9089 | Val Loss: 1.8611, Val Acc: 0.5909 | LR: 0.005000
[2026-06-04 22:51:59] INFO - 早停计数: 5/20 (最优=0.593636, 当前=0.590909)
[2026-06-04 22:52:00] INFO - 早停计数: 6/20 (最优=0.593636, 当前=0.591818)
[2026-06-04 22:52:01] INFO - 验证指标改善: 0.593636 -> 0.597273
[2026-06-04 22:52:02] INFO - 早停计数: 1/20 (最优=0.597273, 当前=0.595455)
[2026-06-04 22:52:03] INFO - 早停计数: 2/20 (最优=0.597273, 当前=0.597273)
[2026-06-04 22:52:05] INFO - 验证指标改善: 0.597273 -> 0.600909
[2026-06-04 22:52:06] INFO - 早停计数: 1/20 (最优=0.600909, 当前=0.596364)
[2026-06-04 22:52:07] INFO - 早停计数: 2/20 (最优=0.600909, 当前=0.595455)
[2026-06-04 22:52:08] INFO - 早停计数: 3/20 (最优=0.600909, 当前=0.596364)
[2026-06-04 22:52:10] INFO - 验证指标改善: 0.600909 -> 0.604545
[2026-06-04 22:52:11] INFO - Epoch [ 70/100] Train Loss: 0.2446, Train Acc: 0.9265 | Val Loss: 1.8260, Val Acc: 0.6036 | LR: 0.005000
[2026-06-04 22:52:11] INFO - 早停计数: 1/20 (最优=0.604545, 当前=0.603636)
[2026-06-04 22:52:12] INFO - 早停计数: 2/20 (最优=0.604545, 当前=0.599091)
[2026-06-04 22:52:13] INFO - 早停计数: 3/20 (最优=0.604545, 当前=0.600000)
[2026-06-04 22:52:14] INFO - 早停计数: 4/20 (最优=0.604545, 当前=0.600000)
[2026-06-04 22:52:16] INFO - 早停计数: 5/20 (最优=0.604545, 当前=0.599091)
[2026-06-04 22:52:17] INFO - 验证指标改善: 0.604545 -> 0.606364
[2026-06-04 22:52:18] INFO - 验证指标改善: 0.606364 -> 0.607273
[2026-06-04 22:52:19] INFO - 早停计数: 1/20 (最优=0.607273, 当前=0.605455)
[2026-06-04 22:52:21] INFO - 早停计数: 2/20 (最优=0.607273, 当前=0.603636)
[2026-06-04 22:52:22] INFO - 早停计数: 3/20 (最优=0.607273, 当前=0.606364)
[2026-06-04 22:52:23] INFO - Epoch [ 80/100] Train Loss: 0.2033, Train Acc: 0.9403 | Val Loss: 1.8848, Val Acc: 0.6027 | LR: 0.005000
[2026-06-04 22:52:23] INFO - 早停计数: 4/20 (最优=0.607273, 当前=0.602727)
[2026-06-04 22:52:24] INFO - 验证指标改善: 0.607273 -> 0.609091
[2026-06-04 22:52:26] INFO - 早停计数: 1/20 (最优=0.609091, 当前=0.607273)
[2026-06-04 22:52:27] INFO - 验证指标改善: 0.609091 -> 0.612727
[2026-06-04 22:52:28] INFO - 验证指标改善: 0.612727 -> 0.613636
[2026-06-04 22:52:29] INFO - 早停计数: 1/20 (最优=0.613636, 当前=0.611818)
[2026-06-04 22:52:31] INFO - 早停计数: 2/20 (最优=0.613636, 当前=0.607273)
[2026-06-04 22:52:32] INFO - 早停计数: 3/20 (最优=0.613636, 当前=0.610909)
[2026-06-04 22:52:33] INFO - 早停计数: 4/20 (最优=0.613636, 当前=0.607273)
[2026-06-04 22:52:35] INFO - 早停计数: 5/20 (最优=0.613636, 当前=0.610000)
[2026-06-04 22:52:36] INFO - Epoch [ 90/100] Train Loss: 0.1676, Train Acc: 0.9501 | Val Loss: 1.8958, Val Acc: 0.6173 | LR: 0.005000
[2026-06-04 22:52:36] INFO - 验证指标改善: 0.613636 -> 0.617273
[2026-06-04 22:52:37] INFO - 早停计数: 1/20 (最优=0.617273, 当前=0.614545)
[2026-06-04 22:52:39] INFO - 早停计数: 2/20 (最优=0.617273, 当前=0.614545)
[2026-06-04 22:52:40] INFO - 早停计数: 3/20 (最优=0.617273, 当前=0.601818)
[2026-06-04 22:52:41] INFO - 早停计数: 4/20 (最优=0.617273, 当前=0.602727)
[2026-06-04 22:52:43] INFO - 早停计数: 5/20 (最优=0.617273, 当前=0.604545)
[2026-06-04 22:52:44] INFO - 早停计数: 6/20 (最优=0.617273, 当前=0.608182)
[2026-06-04 22:52:45] INFO - 早停计数: 7/20 (最优=0.617273, 当前=0.610909)
[2026-06-04 22:52:47] INFO - 早停计数: 8/20 (最优=0.617273, 当前=0.611818)
[2026-06-04 22:52:48] INFO - 早停计数: 9/20 (最优=0.617273, 当前=0.611818)
[2026-06-04 22:52:49] INFO - Epoch [100/100] Train Loss: 0.1427, Train Acc: 0.9605 | Val Loss: 1.9510, Val Acc: 0.6145 | LR: 0.002500
[2026-06-04 22:52:49] INFO - 早停计数: 10/20 (最优=0.617273, 当前=0.614545)
[2026-06-04 22:52:49] INFO - ============================================================
[2026-06-04 22:52:49] INFO - 训练完成! 最优验证准确率: 0.6173 (Epoch 90)
[2026-06-04 22:52:49] INFO - ============================================================
[2026-06-04 22:52:49] INFO - 训练脚本执行完毕!
