[2026-06-04 22:53:11] INFO - ==================================================
[2026-06-04 22:53:11] INFO - бЕСЗХфжУ:
[2026-06-04 22:53:11] INFO -   batch_size: 256
[2026-06-04 22:53:11] INFO -   data_path: data/rec_data
[2026-06-04 22:53:11] INFO -   device: None
[2026-06-04 22:53:11] INFO -   dropout: 0.5
[2026-06-04 22:53:11] INFO -   embedding_dim: 64
[2026-06-04 22:53:11] INFO -   epochs: 30
[2026-06-04 22:53:11] INFO -   hidden_dim: 128
[2026-06-04 22:53:11] INFO -   log_interval: 10
[2026-06-04 22:53:11] INFO -   loss_type: bpr
[2026-06-04 22:53:11] INFO -   lr: 0.01
[2026-06-04 22:53:11] INFO -   max_len: 50
[2026-06-04 22:53:11] INFO -   model_type: gru4rec
[2026-06-04 22:53:11] INFO -   neg_samples: 1
[2026-06-04 22:53:11] INFO -   normalize: symmetric
[2026-06-04 22:53:11] INFO -   num_heads: 2
[2026-06-04 22:53:11] INFO -   num_layers: 2
[2026-06-04 22:53:11] INFO -   output_dir: ./output\task2
[2026-06-04 22:53:11] INFO -   patience: 20
[2026-06-04 22:53:11] INFO -   save_best_only: False
[2026-06-04 22:53:11] INFO -   seed: 42
[2026-06-04 22:53:11] INFO -   stratified_split: False
[2026-06-04 22:53:11] INFO -   task: task2
[2026-06-04 22:53:11] INFO -   val_ratio: 0.1
[2026-06-04 22:53:11] INFO -   weight_decay: 0.0005
[2026-06-04 22:53:11] INFO - ==================================================
[2026-06-04 22:53:11] INFO - ЪЙгУЩшБИ: cpu
[2026-06-04 22:53:11] INFO - ============================================================
[2026-06-04 22:53:11] INFO - ПЊЪМ Task 2 бЕСЗ - ађСаЭЦМі
[2026-06-04 22:53:11] INFO - ============================================================
[2026-06-04 22:53:11] INFO - МгдиЪ§Он: data/rec_data
[2026-06-04 22:53:13] INFO - гУЛЇЪ§: 50000, ЮяЦЗЪ§: 2156
[2026-06-04 22:53:13] INFO - бЕСЗбљБО: 40000, ВтЪдбљБО: 10000
[2026-06-04 22:53:13] INFO - бЕСЗМЏ: 36000, бщжЄМЏ: 4000
[2026-06-04 22:53:13] INFO - ФЃаЭ: gru4rec
[2026-06-04 22:53:13] INFO - змВЮЪ§СП: 320,128
[2026-06-04 22:53:47] INFO - Epoch [  1/30] Train Loss: 0.0629 | Val NDCG@10: 0.0974, Hit@10: 0.2195, MRR: 0.0613 | LR: 0.010000
[2026-06-04 22:54:18] INFO - бщжЄжИБъИФЩЦ: 0.097442 -> 0.113209
[2026-06-04 22:54:51] INFO - дчЭЃМЦЪ§: 1/20 (зюгХ=0.113209, ЕБЧА=0.110892)
[2026-06-04 22:55:20] INFO - бщжЄжИБъИФЩЦ: 0.113209 -> 0.118710
[2026-06-04 22:55:50] INFO - дчЭЃМЦЪ§: 1/20 (зюгХ=0.118710, ЕБЧА=0.114918)
[2026-06-04 22:56:20] INFO - бщжЄжИБъИФЩЦ: 0.118710 -> 0.131147
[2026-06-04 22:56:51] INFO - бщжЄжИБъИФЩЦ: 0.131147 -> 0.133851
[2026-06-04 22:57:24] INFO - дчЭЃМЦЪ§: 1/20 (зюгХ=0.133851, ЕБЧА=0.109019)
[2026-06-04 22:58:03] INFO - дчЭЃМЦЪ§: 2/20 (зюгХ=0.133851, ЕБЧА=0.117174)
[2026-06-04 22:58:53] INFO - Epoch [ 10/30] Train Loss: 0.0269 | Val NDCG@10: 0.1227, Hit@10: 0.2177, MRR: 0.0945 | LR: 0.010000
[2026-06-04 22:58:53] INFO - дчЭЃМЦЪ§: 3/20 (зюгХ=0.133851, ЕБЧА=0.122748)
[2026-06-04 22:59:42] INFO - дчЭЃМЦЪ§: 4/20 (зюгХ=0.133851, ЕБЧА=0.121774)
[2026-06-04 23:00:45] INFO - дчЭЃМЦЪ§: 5/20 (зюгХ=0.133851, ЕБЧА=0.110825)
[2026-06-04 23:01:41] INFO - дчЭЃМЦЪ§: 6/20 (зюгХ=0.133851, ЕБЧА=0.121924)
[2026-06-04 23:02:37] INFO - дчЭЃМЦЪ§: 7/20 (зюгХ=0.133851, ЕБЧА=0.132624)
[2026-06-04 23:03:36] INFO - дчЭЃМЦЪ§: 8/20 (зюгХ=0.133851, ЕБЧА=0.112717)
[2026-06-04 23:04:38] INFO - бщжЄжИБъИФЩЦ: 0.133851 -> 0.134085
[2026-06-04 23:05:49] INFO - дчЭЃМЦЪ§: 1/20 (зюгХ=0.134085, ЕБЧА=0.121769)
[2026-06-04 23:07:09] INFO - дчЭЃМЦЪ§: 2/20 (зюгХ=0.134085, ЕБЧА=0.120502)
[2026-06-04 23:08:32] INFO - дчЭЃМЦЪ§: 3/20 (зюгХ=0.134085, ЕБЧА=0.131462)
[2026-06-04 23:09:45] INFO - Epoch [ 20/30] Train Loss: 0.0234 | Val NDCG@10: 0.1121, Hit@10: 0.2315, MRR: 0.0748 | LR: 0.005000
[2026-06-04 23:09:45] INFO - дчЭЃМЦЪ§: 4/20 (зюгХ=0.134085, ЕБЧА=0.112111)
[2026-06-04 23:11:01] INFO - дчЭЃМЦЪ§: 5/20 (зюгХ=0.134085, ЕБЧА=0.130692)
[2026-06-04 23:12:22] INFO - дчЭЃМЦЪ§: 6/20 (зюгХ=0.134085, ЕБЧА=0.121299)
[2026-06-04 23:14:12] INFO - дчЭЃМЦЪ§: 7/20 (зюгХ=0.134085, ЕБЧА=0.118970)
[2026-06-04 23:16:31] INFO - бщжЄжИБъИФЩЦ: 0.134085 -> 0.138283
[2026-06-04 23:19:10] INFO - дчЭЃМЦЪ§: 1/20 (зюгХ=0.138283, ЕБЧА=0.134485)
[2026-06-04 23:21:57] INFO - дчЭЃМЦЪ§: 2/20 (зюгХ=0.138283, ЕБЧА=0.129711)
